<?xml version="1.0" encoding="UTF-8"?>
<!-- Generated by org.testng.reporters.JUnitReportReporter -->
<testsuite hostname="LAPTOP-F40721BC" failures="0" tests="1" name="com.INetBankingV1TestingProject.testCases.TC_LoginTest_001" time="2.036" errors="0" timestamp="2022-12-26T12:36:43 IST" skipped="0">
  <testcase classname="com.INetBankingV1TestingProject.testCases.TC_LoginTest_001" name="loginTest" time="2.036"/>
  <system-out/>
</testsuite> <!-- com.INetBankingV1TestingProject.testCases.TC_LoginTest_001 -->
